{"/Users/ozgurgurcan/Documents/Personal/Cases/inventAnalytics/src/app.ts": {"path":"/Users/ozgurgurcan/Documents/Personal/Cases/inventAnalytics/src/app.ts","statementMap":{"0":{"start":{"line":1,"column":0},"end":{"line":1,"column":26}},"1":{"start":{"line":2,"column":0},"end":{"line":2,"column":30}},"2":{"start":{"line":3,"column":0},"end":{"line":3,"column":28}},"3":{"start":{"line":4,"column":0},"end":{"line":4,"column":43}},"4":{"start":{"line":5,"column":0},"end":{"line":5,"column":41}},"5":{"start":{"line":6,"column":0},"end":{"line":6,"column":45}},"6":{"start":{"line":7,"column":0},"end":{"line":7,"column":40}},"7":{"start":{"line":8,"column":0},"end":{"line":8,"column":48}},"8":{"start":{"line":9,"column":0},"end":{"line":9,"column":65}},"9":{"start":{"line":10,"column":0},"end":{"line":10,"column":48}},"10":{"start":{"line":11,"column":0},"end":{"line":11,"column":40}},"11":{"start":{"line":12,"column":0},"end":{"line":12,"column":37}},"12":{"start":{"line":13,"column":0},"end":{"line":13,"column":28}},"13":{"start":{"line":15,"column":20},"end":{"line":15,"column":49}},"14":{"start":{"line":17,"column":12},"end":{"line":17,"column":21}},"15":{"start":{"line":19,"column":0},"end":{"line":19,"column":18}},"16":{"start":{"line":21,"column":0},"end":{"line":21,"column":39}},"17":{"start":{"line":23,"column":0},"end":{"line":23,"column":null}},"18":{"start":{"line":25,"column":0},"end":{"line":25,"column":23}},"19":{"start":{"line":27,"column":0},"end":{"line":27,"column":68}},"20":{"start":{"line":29,"column":0},"end":{"line":29,"column":17}},"21":{"start":{"line":31,"column":0},"end":{"line":31,"column":26}},"22":{"start":{"line":33,"column":0},"end":{"line":35,"column":3}},"23":{"start":{"line":34,"column":4},"end":{"line":34,"column":58}},"24":{"start":{"line":37,"column":0},"end":{"line":37,"column":24}},"25":{"start":{"line":38,"column":0},"end":{"line":38,"column":22}},"26":{"start":{"line":40,"column":0},"end":{"line":40,"column":19}}},"fnMap":{"0":{"name":"(anonymous_1)","decl":{"start":{"line":33,"column":8},"end":{"line":33,"column":9}},"loc":{"start":{"line":33,"column":27},"end":{"line":35,"column":1}}}},"branchMap":{},"s":{"0":1,"1":1,"2":1,"3":1,"4":1,"5":1,"6":1,"7":1,"8":1,"9":1,"10":1,"11":1,"12":1,"13":1,"14":1,"15":1,"16":1,"17":1,"18":1,"19":1,"20":1,"21":1,"22":1,"23":0,"24":1,"25":1,"26":1},"f":{"0":0},"b":{}}
,"/Users/ozgurgurcan/Documents/Personal/Cases/inventAnalytics/src/data-source.ts": {"path":"/Users/ozgurgurcan/Documents/Personal/Cases/inventAnalytics/src/data-source.ts","statementMap":{"0":{"start":{"line":1,"column":0},"end":{"line":1,"column":35}},"1":{"start":{"line":2,"column":0},"end":{"line":2,"column":42}},"2":{"start":{"line":3,"column":0},"end":{"line":3,"column":36}},"3":{"start":{"line":4,"column":0},"end":{"line":4,"column":42}},"4":{"start":{"line":5,"column":0},"end":{"line":5,"column":50}},"5":{"start":{"line":7,"column":13},"end":{"line":19,"column":3}},"6":{"start":{"line":22,"column":4},"end":{"line":29,"column":5}},"7":{"start":{"line":23,"column":27},"end":{"line":23,"column":59}},"8":{"start":{"line":24,"column":8},"end":{"line":24,"column":57}},"9":{"start":{"line":25,"column":8},"end":{"line":25,"column":26}},"10":{"start":{"line":27,"column":8},"end":{"line":27,"column":71}},"11":{"start":{"line":28,"column":8},"end":{"line":28,"column":20}},"12":{"start":{"line":21,"column":0},"end":{"line":21,"column":22}}},"fnMap":{"0":{"name":"initializeDataSource","decl":{"start":{"line":21,"column":22},"end":{"line":21,"column":42}},"loc":{"start":{"line":21,"column":42},"end":{"line":30,"column":null}}}},"branchMap":{"0":{"loc":{"start":{"line":9,"column":10},"end":{"line":9,"column":44}},"type":"binary-expr","locations":[{"start":{"line":9,"column":10},"end":{"line":9,"column":29}},{"start":{"line":9,"column":33},"end":{"line":9,"column":44}}]},"1":{"loc":{"start":{"line":10,"column":19},"end":{"line":10,"column":48}},"type":"binary-expr","locations":[{"start":{"line":10,"column":19},"end":{"line":10,"column":38}},{"start":{"line":10,"column":42},"end":{"line":10,"column":48}}]},"2":{"loc":{"start":{"line":11,"column":14},"end":{"line":11,"column":51}},"type":"binary-expr","locations":[{"start":{"line":11,"column":14},"end":{"line":11,"column":37}},{"start":{"line":11,"column":41},"end":{"line":11,"column":51}}]},"3":{"loc":{"start":{"line":12,"column":14},"end":{"line":12,"column":51}},"type":"binary-expr","locations":[{"start":{"line":12,"column":14},"end":{"line":12,"column":37}},{"start":{"line":12,"column":41},"end":{"line":12,"column":51}}]},"4":{"loc":{"start":{"line":13,"column":14},"end":{"line":13,"column":51}},"type":"binary-expr","locations":[{"start":{"line":13,"column":14},"end":{"line":13,"column":37}},{"start":{"line":13,"column":41},"end":{"line":13,"column":51}}]}},"s":{"0":1,"1":1,"2":1,"3":1,"4":1,"5":1,"6":1,"7":1,"8":1,"9":1,"10":0,"11":0,"12":1},"f":{"0":1},"b":{"0":[1,1],"1":[1,1],"2":[1,1],"3":[1,1],"4":[1,1]}}
,"/Users/ozgurgurcan/Documents/Personal/Cases/inventAnalytics/src/controllers/books.controller.ts": {"path":"/Users/ozgurgurcan/Documents/Personal/Cases/inventAnalytics/src/controllers/books.controller.ts","statementMap":{"0":{"start":{"line":2,"column":0},"end":{"line":2,"column":37}},"1":{"start":{"line":3,"column":0},"end":{"line":3,"column":52}},"2":{"start":{"line":7,"column":8},"end":{"line":13,"column":9}},"3":{"start":{"line":8,"column":26},"end":{"line":8,"column":53}},"4":{"start":{"line":9,"column":12},"end":{"line":9,"column":56}},"5":{"start":{"line":10,"column":12},"end":{"line":10,"column":28}},"6":{"start":{"line":12,"column":12},"end":{"line":12,"column":24}},"7":{"start":{"line":17,"column":8},"end":{"line":23,"column":9}},"8":{"start":{"line":18,"column":25},"end":{"line":18,"column":60}},"9":{"start":{"line":19,"column":12},"end":{"line":19,"column":60}},"10":{"start":{"line":20,"column":12},"end":{"line":20,"column":35}},"11":{"start":{"line":22,"column":12},"end":{"line":22,"column":24}},"12":{"start":{"line":27,"column":8},"end":{"line":38,"column":9}},"13":{"start":{"line":28,"column":27},"end":{"line":28,"column":54}},"14":{"start":{"line":29,"column":25},"end":{"line":29,"column":64}},"15":{"start":{"line":30,"column":12},"end":{"line":33,"column":13}},"16":{"start":{"line":31,"column":16},"end":{"line":31,"column":66}},"17":{"start":{"line":32,"column":16},"end":{"line":32,"column":23}},"18":{"start":{"line":34,"column":12},"end":{"line":34,"column":65}},"19":{"start":{"line":35,"column":12},"end":{"line":35,"column":27}},"20":{"start":{"line":37,"column":12},"end":{"line":37,"column":24}},"21":{"start":{"line":42,"column":8},"end":{"line":49,"column":9}},"22":{"start":{"line":43,"column":27},"end":{"line":43,"column":54}},"23":{"start":{"line":44,"column":12},"end":{"line":44,"column":55}},"24":{"start":{"line":45,"column":12},"end":{"line":45,"column":59}},"25":{"start":{"line":46,"column":12},"end":{"line":46,"column":35}},"26":{"start":{"line":48,"column":12},"end":{"line":48,"column":24}},"27":{"start":{"line":53,"column":0},"end":{"line":53,"column":31}}},"fnMap":{"0":{"name":"(anonymous_8)","decl":{"start":{"line":6,"column":4},"end":{"line":6,"column":10}},"loc":{"start":{"line":6,"column":73},"end":{"line":14,"column":null}}},"1":{"name":"(anonymous_10)","decl":{"start":{"line":16,"column":4},"end":{"line":16,"column":10}},"loc":{"start":{"line":16,"column":75},"end":{"line":24,"column":null}}},"2":{"name":"(anonymous_12)","decl":{"start":{"line":26,"column":4},"end":{"line":26,"column":10}},"loc":{"start":{"line":26,"column":72},"end":{"line":39,"column":null}}},"3":{"name":"(anonymous_14)","decl":{"start":{"line":41,"column":4},"end":{"line":41,"column":10}},"loc":{"start":{"line":41,"column":75},"end":{"line":50,"column":null}}}},"branchMap":{"0":{"loc":{"start":{"line":30,"column":12},"end":{"line":33,"column":13}},"type":"if","locations":[{"start":{"line":30,"column":12},"end":{"line":33,"column":13}}]}},"s":{"0":1,"1":1,"2":4,"3":4,"4":4,"5":4,"6":0,"7":3,"8":3,"9":3,"10":3,"11":0,"12":1,"13":1,"14":1,"15":1,"16":0,"17":0,"18":1,"19":1,"20":0,"21":3,"22":3,"23":3,"24":3,"25":3,"26":0,"27":1},"f":{"0":4,"1":3,"2":1,"3":3},"b":{"0":[0]}}
,"/Users/ozgurgurcan/Documents/Personal/Cases/inventAnalytics/src/controllers/users.controller.ts": {"path":"/Users/ozgurgurcan/Documents/Personal/Cases/inventAnalytics/src/controllers/users.controller.ts","statementMap":{"0":{"start":{"line":2,"column":0},"end":{"line":2,"column":37}},"1":{"start":{"line":3,"column":0},"end":{"line":3,"column":51}},"2":{"start":{"line":7,"column":8},"end":{"line":13,"column":9}},"3":{"start":{"line":8,"column":25},"end":{"line":8,"column":51}},"4":{"start":{"line":9,"column":12},"end":{"line":9,"column":null}},"5":{"start":{"line":10,"column":12},"end":{"line":10,"column":null}},"6":{"start":{"line":12,"column":12},"end":{"line":12,"column":null}},"7":{"start":{"line":17,"column":8},"end":{"line":23,"column":9}},"8":{"start":{"line":18,"column":25},"end":{"line":18,"column":59}},"9":{"start":{"line":19,"column":12},"end":{"line":19,"column":null}},"10":{"start":{"line":20,"column":12},"end":{"line":20,"column":null}},"11":{"start":{"line":22,"column":12},"end":{"line":22,"column":null}},"12":{"start":{"line":27,"column":8},"end":{"line":36,"column":9}},"13":{"start":{"line":28,"column":27},"end":{"line":30,"column":null}},"14":{"start":{"line":31,"column":25},"end":{"line":31,"column":57}},"15":{"start":{"line":32,"column":12},"end":{"line":32,"column":null}},"16":{"start":{"line":33,"column":12},"end":{"line":33,"column":null}},"17":{"start":{"line":35,"column":12},"end":{"line":35,"column":null}},"18":{"start":{"line":40,"column":8},"end":{"line":49,"column":9}},"19":{"start":{"line":41,"column":27},"end":{"line":43,"column":null}},"20":{"start":{"line":44,"column":25},"end":{"line":44,"column":60}},"21":{"start":{"line":45,"column":12},"end":{"line":45,"column":48}},"22":{"start":{"line":46,"column":12},"end":{"line":46,"column":35}},"23":{"start":{"line":48,"column":12},"end":{"line":48,"column":null}},"24":{"start":{"line":53,"column":8},"end":{"line":63,"column":9}},"25":{"start":{"line":54,"column":27},"end":{"line":57,"column":null}},"26":{"start":{"line":58,"column":12},"end":{"line":58,"column":null}},"27":{"start":{"line":59,"column":12},"end":{"line":59,"column":49}},"28":{"start":{"line":60,"column":12},"end":{"line":60,"column":null}},"29":{"start":{"line":62,"column":12},"end":{"line":62,"column":null}},"30":{"start":{"line":67,"column":8},"end":{"line":78,"column":9}},"31":{"start":{"line":68,"column":27},"end":{"line":71,"column":null}},"32":{"start":{"line":72,"column":26},"end":{"line":72,"column":40}},"33":{"start":{"line":73,"column":12},"end":{"line":73,"column":56}},"34":{"start":{"line":74,"column":12},"end":{"line":74,"column":null}},"35":{"start":{"line":75,"column":12},"end":{"line":75,"column":null}},"36":{"start":{"line":77,"column":12},"end":{"line":77,"column":null}},"37":{"start":{"line":82,"column":0},"end":{"line":82,"column":31}}},"fnMap":{"0":{"name":"(anonymous_8)","decl":{"start":{"line":6,"column":4},"end":{"line":6,"column":10}},"loc":{"start":{"line":6,"column":73},"end":{"line":14,"column":null}}},"1":{"name":"(anonymous_10)","decl":{"start":{"line":16,"column":4},"end":{"line":16,"column":10}},"loc":{"start":{"line":16,"column":75},"end":{"line":24,"column":null}}},"2":{"name":"(anonymous_12)","decl":{"start":{"line":26,"column":4},"end":{"line":26,"column":10}},"loc":{"start":{"line":26,"column":72},"end":{"line":37,"column":null}}},"3":{"name":"(anonymous_14)","decl":{"start":{"line":39,"column":4},"end":{"line":39,"column":10}},"loc":{"start":{"line":39,"column":75},"end":{"line":50,"column":null}}},"4":{"name":"(anonymous_16)","decl":{"start":{"line":52,"column":4},"end":{"line":52,"column":10}},"loc":{"start":{"line":52,"column":75},"end":{"line":64,"column":null}}},"5":{"name":"(anonymous_18)","decl":{"start":{"line":66,"column":4},"end":{"line":66,"column":10}},"loc":{"start":{"line":66,"column":75},"end":{"line":79,"column":null}}}},"branchMap":{},"s":{"0":1,"1":1,"2":3,"3":3,"4":3,"5":3,"6":0,"7":1,"8":1,"9":1,"10":1,"11":0,"12":2,"13":2,"14":2,"15":2,"16":2,"17":0,"18":1,"19":1,"20":1,"21":1,"22":1,"23":0,"24":3,"25":3,"26":3,"27":3,"28":2,"29":1,"30":2,"31":2,"32":2,"33":2,"34":1,"35":1,"36":1,"37":1},"f":{"0":3,"1":1,"2":2,"3":1,"4":3,"5":2},"b":{}}
,"/Users/ozgurgurcan/Documents/Personal/Cases/inventAnalytics/src/docs/swagger.ts": {"path":"/Users/ozgurgurcan/Documents/Personal/Cases/inventAnalytics/src/docs/swagger.ts","statementMap":{"0":{"start":{"line":1,"column":0},"end":{"line":16,"column":2}}},"fnMap":{},"branchMap":{},"s":{"0":1},"f":{},"b":{}}
,"/Users/ozgurgurcan/Documents/Personal/Cases/inventAnalytics/src/entity/book.entity.ts": {"path":"/Users/ozgurgurcan/Documents/Personal/Cases/inventAnalytics/src/entity/book.entity.ts","statementMap":{"0":{"start":{"line":1,"column":0},"end":{"line":1,"column":85}},"1":{"start":{"line":2,"column":0},"end":{"line":2,"column":43}},"2":{"start":{"line":5,"column":7},"end":{"line":19,"column":null}},"3":{"start":{"line":14,"column":8},"end":{"line":17,"column":null}},"4":{"start":{"line":5,"column":13},"end":{"line":5,"column":17}},"5":{"start":{"line":7,"column":4},"end":{"line":7,"column":null}},"6":{"start":{"line":9,"column":4},"end":{"line":9,"column":null}},"7":{"start":{"line":11,"column":4},"end":{"line":11,"column":null}},"8":{"start":{"line":10,"column":21},"end":{"line":10,"column":29}},"9":{"start":{"line":10,"column":43},"end":{"line":10,"column":56}},"10":{"start":{"line":5,"column":13},"end":{"line":19,"column":null}}},"fnMap":{"0":{"name":"(anonymous_2)","decl":{"start":{"line":13,"column":4},"end":{"line":13,"column":10}},"loc":{"start":{"line":13,"column":10},"end":{"line":18,"column":5}}},"1":{"name":"(anonymous_3)","decl":{"start":{"line":10,"column":15},"end":{"line":10,"column":18}},"loc":{"start":{"line":10,"column":21},"end":{"line":10,"column":29}}},"2":{"name":"(anonymous_4)","decl":{"start":{"line":10,"column":31},"end":{"line":10,"column":39}},"loc":{"start":{"line":10,"column":43},"end":{"line":10,"column":56}}}},"branchMap":{},"s":{"0":3,"1":3,"2":3,"3":31,"4":3,"5":3,"6":3,"7":3,"8":1,"9":1,"10":3},"f":{"0":31,"1":1,"2":1},"b":{}}
,"/Users/ozgurgurcan/Documents/Personal/Cases/inventAnalytics/src/entity/user.entity.ts": {"path":"/Users/ozgurgurcan/Documents/Personal/Cases/inventAnalytics/src/entity/user.entity.ts","statementMap":{"0":{"start":{"line":1,"column":0},"end":{"line":1,"column":85}},"1":{"start":{"line":2,"column":0},"end":{"line":2,"column":43}},"2":{"start":{"line":5,"column":7},"end":{"line":19,"column":null}},"3":{"start":{"line":14,"column":8},"end":{"line":17,"column":null}},"4":{"start":{"line":5,"column":13},"end":{"line":5,"column":17}},"5":{"start":{"line":7,"column":4},"end":{"line":7,"column":null}},"6":{"start":{"line":9,"column":4},"end":{"line":9,"column":null}},"7":{"start":{"line":11,"column":4},"end":{"line":11,"column":null}},"8":{"start":{"line":10,"column":21},"end":{"line":10,"column":29}},"9":{"start":{"line":10,"column":43},"end":{"line":10,"column":56}},"10":{"start":{"line":5,"column":13},"end":{"line":19,"column":null}}},"fnMap":{"0":{"name":"(anonymous_2)","decl":{"start":{"line":13,"column":4},"end":{"line":13,"column":10}},"loc":{"start":{"line":13,"column":10},"end":{"line":18,"column":5}}},"1":{"name":"(anonymous_3)","decl":{"start":{"line":10,"column":15},"end":{"line":10,"column":18}},"loc":{"start":{"line":10,"column":21},"end":{"line":10,"column":29}}},"2":{"name":"(anonymous_4)","decl":{"start":{"line":10,"column":31},"end":{"line":10,"column":39}},"loc":{"start":{"line":10,"column":43},"end":{"line":10,"column":56}}}},"branchMap":{},"s":{"0":3,"1":3,"2":3,"3":15,"4":3,"5":3,"6":3,"7":3,"8":1,"9":1,"10":3},"f":{"0":15,"1":1,"2":1},"b":{}}
,"/Users/ozgurgurcan/Documents/Personal/Cases/inventAnalytics/src/entity/userBook.entity.ts": {"path":"/Users/ozgurgurcan/Documents/Personal/Cases/inventAnalytics/src/entity/userBook.entity.ts","statementMap":{"0":{"start":{"line":1,"column":0},"end":{"line":1,"column":98}},"1":{"start":{"line":2,"column":0},"end":{"line":2,"column":35}},"2":{"start":{"line":3,"column":0},"end":{"line":3,"column":35}},"3":{"start":{"line":6,"column":7},"end":{"line":23,"column":null}},"4":{"start":{"line":6,"column":13},"end":{"line":6,"column":21}},"5":{"start":{"line":8,"column":4},"end":{"line":8,"column":null}},"6":{"start":{"line":11,"column":4},"end":{"line":11,"column":null}},"7":{"start":{"line":14,"column":4},"end":{"line":14,"column":null}},"8":{"start":{"line":18,"column":4},"end":{"line":18,"column":null}},"9":{"start":{"line":16,"column":21},"end":{"line":16,"column":25}},"10":{"start":{"line":16,"column":35},"end":{"line":16,"column":49}},"11":{"start":{"line":22,"column":4},"end":{"line":22,"column":null}},"12":{"start":{"line":20,"column":21},"end":{"line":20,"column":25}},"13":{"start":{"line":20,"column":35},"end":{"line":20,"column":49}},"14":{"start":{"line":6,"column":13},"end":{"line":23,"column":null}}},"fnMap":{"0":{"name":"(anonymous_2)","decl":{"start":{"line":16,"column":15},"end":{"line":16,"column":18}},"loc":{"start":{"line":16,"column":21},"end":{"line":16,"column":25}}},"1":{"name":"(anonymous_3)","decl":{"start":{"line":16,"column":27},"end":{"line":16,"column":31}},"loc":{"start":{"line":16,"column":35},"end":{"line":16,"column":49}}},"2":{"name":"(anonymous_4)","decl":{"start":{"line":20,"column":15},"end":{"line":20,"column":18}},"loc":{"start":{"line":20,"column":21},"end":{"line":20,"column":25}}},"3":{"name":"(anonymous_5)","decl":{"start":{"line":20,"column":27},"end":{"line":20,"column":31}},"loc":{"start":{"line":20,"column":35},"end":{"line":20,"column":49}}}},"branchMap":{},"s":{"0":2,"1":2,"2":2,"3":2,"4":2,"5":2,"6":2,"7":2,"8":2,"9":1,"10":1,"11":2,"12":1,"13":1,"14":2},"f":{"0":1,"1":1,"2":1,"3":1},"b":{}}
,"/Users/ozgurgurcan/Documents/Personal/Cases/inventAnalytics/src/middlewares/error.ts": {"path":"/Users/ozgurgurcan/Documents/Personal/Cases/inventAnalytics/src/middlewares/error.ts","statementMap":{"0":{"start":{"line":1,"column":0},"end":{"line":1,"column":37}},"1":{"start":{"line":2,"column":0},"end":{"line":2,"column":37}},"2":{"start":{"line":3,"column":0},"end":{"line":3,"column":37}},"3":{"start":{"line":4,"column":0},"end":{"line":4,"column":41}},"4":{"start":{"line":6,"column":23},"end":{"line":15,"column":1}},"5":{"start":{"line":7,"column":16},"end":{"line":7,"column":19}},"6":{"start":{"line":8,"column":4},"end":{"line":13,"column":5}},"7":{"start":{"line":10,"column":12},"end":{"line":10,"column":121}},"8":{"start":{"line":11,"column":24},"end":{"line":11,"column":63}},"9":{"start":{"line":12,"column":8},"end":{"line":12,"column":68}},"10":{"start":{"line":14,"column":4},"end":{"line":14,"column":16}},"11":{"start":{"line":41,"column":4},"end":{"line":41,"column":18}},"12":{"start":{"line":17,"column":21},"end":{"line":38,"column":1}},"13":{"start":{"line":18,"column":32},"end":{"line":18,"column":35}},"14":{"start":{"line":19,"column":4},"end":{"line":22,"column":5}},"15":{"start":{"line":20,"column":8},"end":{"line":20,"column":54}},"16":{"start":{"line":21,"column":8},"end":{"line":21,"column":63}},"17":{"start":{"line":24,"column":4},"end":{"line":24,"column":42}},"18":{"start":{"line":26,"column":18},"end":{"line":29,"column":null}},"19":{"start":{"line":32,"column":4},"end":{"line":34,"column":5}},"20":{"start":{"line":33,"column":8},"end":{"line":33,"column":26}},"21":{"start":{"line":36,"column":4},"end":{"line":36,"column":57}},"22":{"start":{"line":37,"column":4},"end":{"line":37,"column":42}},"23":{"start":{"line":42,"column":4},"end":{"line":42,"column":16}}},"fnMap":{"0":{"name":"(anonymous_1)","decl":{"start":{"line":6,"column":23},"end":{"line":6,"column":24}},"loc":{"start":{"line":6,"column":67},"end":{"line":15,"column":1}}},"1":{"name":"(anonymous_2)","decl":{"start":{"line":17,"column":21},"end":{"line":17,"column":22}},"loc":{"start":{"line":17,"column":65},"end":{"line":38,"column":1}}}},"branchMap":{"0":{"loc":{"start":{"line":8,"column":4},"end":{"line":13,"column":5}},"type":"if","locations":[{"start":{"line":8,"column":4},"end":{"line":13,"column":5}}]},"1":{"loc":{"start":{"line":10,"column":12},"end":{"line":10,"column":121}},"type":"cond-expr","locations":[{"start":{"line":10,"column":64},"end":{"line":10,"column":86}},{"start":{"line":10,"column":89},"end":{"line":10,"column":121}}]},"2":{"loc":{"start":{"line":10,"column":12},"end":{"line":10,"column":61}},"type":"binary-expr","locations":[{"start":{"line":10,"column":12},"end":{"line":10,"column":28}},{"start":{"line":10,"column":32},"end":{"line":10,"column":61}}]},"3":{"loc":{"start":{"line":11,"column":24},"end":{"line":11,"column":63}},"type":"binary-expr","locations":[{"start":{"line":11,"column":24},"end":{"line":11,"column":37}},{"start":{"line":11,"column":41},"end":{"line":11,"column":63}}]},"4":{"loc":{"start":{"line":19,"column":4},"end":{"line":22,"column":5}},"type":"if","locations":[{"start":{"line":19,"column":4},"end":{"line":22,"column":5}}]},"5":{"loc":{"start":{"line":19,"column":8},"end":{"line":19,"column":62}},"type":"binary-expr","locations":[{"start":{"line":19,"column":8},"end":{"line":19,"column":40}},{"start":{"line":19,"column":44},"end":{"line":19,"column":62}}]},"6":{"loc":{"start":{"line":29,"column":12},"end":{"line":29,"column":67}},"type":"binary-expr","locations":[{"start":{"line":29,"column":12},"end":{"line":29,"column":45}},{"start":{"line":29,"column":49},"end":{"line":29,"column":67}}]},"7":{"loc":{"start":{"line":32,"column":4},"end":{"line":34,"column":5}},"type":"if","locations":[{"start":{"line":32,"column":4},"end":{"line":34,"column":5}}]}},"s":{"0":1,"1":1,"2":1,"3":1,"4":1,"5":2,"6":2,"7":0,"8":0,"9":0,"10":2,"11":1,"12":1,"13":2,"14":2,"15":0,"16":0,"17":2,"18":2,"19":2,"20":0,"21":2,"22":2,"23":1},"f":{"0":2,"1":2},"b":{"0":[0],"1":[0,0],"2":[0,0],"3":[0,0],"4":[0],"5":[2,0],"6":[2,0],"7":[0]}}
,"/Users/ozgurgurcan/Documents/Personal/Cases/inventAnalytics/src/middlewares/rateLimiter.ts": {"path":"/Users/ozgurgurcan/Documents/Personal/Cases/inventAnalytics/src/middlewares/rateLimiter.ts","statementMap":{"0":{"start":{"line":1,"column":0},"end":{"line":1,"column":45}},"1":{"start":{"line":3,"column":16},"end":{"line":6,"column":2}},"2":{"start":{"line":8,"column":0},"end":{"line":8,"column":23}}},"fnMap":{},"branchMap":{},"s":{"0":1,"1":1,"2":1},"f":{},"b":{}}
,"/Users/ozgurgurcan/Documents/Personal/Cases/inventAnalytics/src/middlewares/validate.ts": {"path":"/Users/ozgurgurcan/Documents/Personal/Cases/inventAnalytics/src/middlewares/validate.ts","statementMap":{"0":{"start":{"line":1,"column":0},"end":{"line":1,"column":22}},"1":{"start":{"line":2,"column":0},"end":{"line":2,"column":37}},"2":{"start":{"line":3,"column":0},"end":{"line":3,"column":33}},"3":{"start":{"line":4,"column":0},"end":{"line":4,"column":41}},"4":{"start":{"line":7,"column":17},"end":{"line":20,"column":1}},"5":{"start":{"line":7,"column":34},"end":{"line":20,"column":1}},"6":{"start":{"line":8,"column":24},"end":{"line":8,"column":65}},"7":{"start":{"line":9,"column":19},"end":{"line":9,"column":54}},"8":{"start":{"line":10,"column":27},"end":{"line":12,"column":25}},"9":{"start":{"line":14,"column":4},"end":{"line":17,"column":5}},"10":{"start":{"line":15,"column":29},"end":{"line":15,"column":92}},"11":{"start":{"line":15,"column":65},"end":{"line":15,"column":80}},"12":{"start":{"line":16,"column":8},"end":{"line":16,"column":72}},"13":{"start":{"line":18,"column":4},"end":{"line":18,"column":30}},"14":{"start":{"line":19,"column":4},"end":{"line":19,"column":18}},"15":{"start":{"line":22,"column":0},"end":{"line":22,"column":24}}},"fnMap":{"0":{"name":"(anonymous_1)","decl":{"start":{"line":7,"column":17},"end":{"line":7,"column":18}},"loc":{"start":{"line":7,"column":34},"end":{"line":20,"column":1}}},"1":{"name":"(anonymous_2)","decl":{"start":{"line":7,"column":34},"end":{"line":7,"column":35}},"loc":{"start":{"line":7,"column":86},"end":{"line":20,"column":1}}},"2":{"name":"(anonymous_3)","decl":{"start":{"line":15,"column":47},"end":{"line":15,"column":48}},"loc":{"start":{"line":15,"column":65},"end":{"line":15,"column":80}}}},"branchMap":{"0":{"loc":{"start":{"line":14,"column":4},"end":{"line":17,"column":5}},"type":"if","locations":[{"start":{"line":14,"column":4},"end":{"line":17,"column":5}}]}},"s":{"0":1,"1":1,"2":1,"3":1,"4":1,"5":10,"6":23,"7":23,"8":23,"9":23,"10":0,"11":0,"12":0,"13":23,"14":23,"15":1},"f":{"0":10,"1":23,"2":0},"b":{"0":[0]}}
,"/Users/ozgurgurcan/Documents/Personal/Cases/inventAnalytics/src/routes/books.routes.ts": {"path":"/Users/ozgurgurcan/Documents/Personal/Cases/inventAnalytics/src/routes/books.routes.ts","statementMap":{"0":{"start":{"line":1,"column":0},"end":{"line":1,"column":31}},"1":{"start":{"line":2,"column":0},"end":{"line":2,"column":47}},"2":{"start":{"line":3,"column":0},"end":{"line":3,"column":60}},"3":{"start":{"line":4,"column":0},"end":{"line":4,"column":62}},"4":{"start":{"line":6,"column":13},"end":{"line":6,"column":31}},"5":{"start":{"line":8,"column":0},"end":{"line":10,"column":67}},"6":{"start":{"line":12,"column":0},"end":{"line":14,"column":72}},"7":{"start":{"line":16,"column":0},"end":{"line":16,"column":22}}},"fnMap":{},"branchMap":{},"s":{"0":1,"1":1,"2":1,"3":1,"4":1,"5":1,"6":1,"7":1},"f":{},"b":{}}
,"/Users/ozgurgurcan/Documents/Personal/Cases/inventAnalytics/src/routes/index.routes.ts": {"path":"/Users/ozgurgurcan/Documents/Personal/Cases/inventAnalytics/src/routes/index.routes.ts","statementMap":{"0":{"start":{"line":1,"column":0},"end":{"line":1,"column":50}},"1":{"start":{"line":2,"column":0},"end":{"line":2,"column":40}},"2":{"start":{"line":3,"column":0},"end":{"line":3,"column":40}},"3":{"start":{"line":5,"column":15},"end":{"line":5,"column":23}},"4":{"start":{"line":7,"column":0},"end":{"line":7,"column":33}},"5":{"start":{"line":8,"column":0},"end":{"line":8,"column":33}},"6":{"start":{"line":9,"column":0},"end":{"line":9,"column":76}},"7":{"start":{"line":9,"column":49},"end":{"line":9,"column":74}},"8":{"start":{"line":12,"column":0},"end":{"line":12,"column":22}}},"fnMap":{"0":{"name":"(anonymous_1)","decl":{"start":{"line":9,"column":16},"end":{"line":9,"column":17}},"loc":{"start":{"line":9,"column":49},"end":{"line":9,"column":74}}}},"branchMap":{},"s":{"0":1,"1":1,"2":1,"3":1,"4":1,"5":1,"6":1,"7":0,"8":1},"f":{"0":0},"b":{}}
,"/Users/ozgurgurcan/Documents/Personal/Cases/inventAnalytics/src/routes/users.routes.ts": {"path":"/Users/ozgurgurcan/Documents/Personal/Cases/inventAnalytics/src/routes/users.routes.ts","statementMap":{"0":{"start":{"line":1,"column":0},"end":{"line":1,"column":31}},"1":{"start":{"line":2,"column":0},"end":{"line":2,"column":47}},"2":{"start":{"line":3,"column":0},"end":{"line":3,"column":60}},"3":{"start":{"line":4,"column":0},"end":{"line":4,"column":62}},"4":{"start":{"line":6,"column":13},"end":{"line":6,"column":31}},"5":{"start":{"line":8,"column":0},"end":{"line":10,"column":67}},"6":{"start":{"line":12,"column":0},"end":{"line":14,"column":72}},"7":{"start":{"line":16,"column":0},"end":{"line":17,"column":71}},"8":{"start":{"line":19,"column":0},"end":{"line":20,"column":71}},"9":{"start":{"line":23,"column":0},"end":{"line":23,"column":22}}},"fnMap":{},"branchMap":{},"s":{"0":1,"1":1,"2":1,"3":1,"4":1,"5":1,"6":1,"7":1,"8":1,"9":1},"f":{},"b":{}}
,"/Users/ozgurgurcan/Documents/Personal/Cases/inventAnalytics/src/services/book.service.ts": {"path":"/Users/ozgurgurcan/Documents/Personal/Cases/inventAnalytics/src/services/book.service.ts","statementMap":{"0":{"start":{"line":1,"column":0},"end":{"line":1,"column":37}},"1":{"start":{"line":2,"column":0},"end":{"line":2,"column":43}},"2":{"start":{"line":4,"column":0},"end":{"line":4,"column":41}},"3":{"start":{"line":16,"column":23},"end":{"line":19,"column":10}},"4":{"start":{"line":21,"column":8},"end":{"line":23,"column":9}},"5":{"start":{"line":22,"column":12},"end":{"line":22,"column":71}},"6":{"start":{"line":25,"column":22},"end":{"line":25,"column":66}},"7":{"start":{"line":27,"column":8},"end":{"line":31,"column":10}},"8":{"start":{"line":37,"column":8},"end":{"line":37,"column":null}},"9":{"start":{"line":41,"column":21},"end":{"line":41,"column":31}},"10":{"start":{"line":42,"column":8},"end":{"line":42,"column":null}},"11":{"start":{"line":43,"column":8},"end":{"line":43,"column":null}},"12":{"start":{"line":47,"column":23},"end":{"line":47,"column":51}},"13":{"start":{"line":48,"column":8},"end":{"line":50,"column":9}},"14":{"start":{"line":49,"column":12},"end":{"line":49,"column":null}},"15":{"start":{"line":54,"column":8},"end":{"line":56,"column":9}},"16":{"start":{"line":55,"column":12},"end":{"line":55,"column":29}},"17":{"start":{"line":57,"column":32},"end":{"line":59,"column":54}},"18":{"start":{"line":58,"column":32},"end":{"line":58,"column":85}},"19":{"start":{"line":59,"column":29},"end":{"line":59,"column":53}},"20":{"start":{"line":61,"column":8},"end":{"line":63,"column":9}},"21":{"start":{"line":62,"column":12},"end":{"line":62,"column":87}},"22":{"start":{"line":62,"column":52},"end":{"line":62,"column":57}},"23":{"start":{"line":65,"column":8},"end":{"line":65,"column":25}},"24":{"start":{"line":69,"column":0},"end":{"line":69,"column":28}}},"fnMap":{"0":{"name":"(anonymous_8)","decl":{"start":{"line":15,"column":4},"end":{"line":15,"column":10}},"loc":{"start":{"line":15,"column":45},"end":{"line":34,"column":null}}},"1":{"name":"(anonymous_10)","decl":{"start":{"line":36,"column":4},"end":{"line":36,"column":10}},"loc":{"start":{"line":36,"column":23},"end":{"line":38,"column":null}}},"2":{"name":"(anonymous_12)","decl":{"start":{"line":40,"column":4},"end":{"line":40,"column":10}},"loc":{"start":{"line":40,"column":45},"end":{"line":44,"column":null}}},"3":{"name":"(anonymous_14)","decl":{"start":{"line":46,"column":4},"end":{"line":46,"column":10}},"loc":{"start":{"line":46,"column":49},"end":{"line":51,"column":null}}},"4":{"name":"(anonymous_16)","decl":{"start":{"line":53,"column":12},"end":{"line":53,"column":18}},"loc":{"start":{"line":53,"column":74},"end":{"line":66,"column":5}}},"5":{"name":"(anonymous_17)","decl":{"start":{"line":58,"column":20},"end":{"line":58,"column":28}},"loc":{"start":{"line":58,"column":32},"end":{"line":58,"column":85}}},"6":{"name":"(anonymous_18)","decl":{"start":{"line":59,"column":17},"end":{"line":59,"column":25}},"loc":{"start":{"line":59,"column":29},"end":{"line":59,"column":53}}},"7":{"name":"(anonymous_19)","decl":{"start":{"line":62,"column":42},"end":{"line":62,"column":43}},"loc":{"start":{"line":62,"column":52},"end":{"line":62,"column":57}}}},"branchMap":{"0":{"loc":{"start":{"line":21,"column":8},"end":{"line":23,"column":9}},"type":"if","locations":[{"start":{"line":21,"column":8},"end":{"line":23,"column":9}}]},"1":{"loc":{"start":{"line":30,"column":19},"end":{"line":30,"column":30}},"type":"cond-expr","locations":[{"start":{"line":30,"column":19},"end":{"line":30,"column":24}},{"start":{"line":30,"column":28},"end":{"line":30,"column":30}}]},"2":{"loc":{"start":{"line":30,"column":19},"end":{"line":30,"column":28}},"type":"binary-expr","locations":[{"start":{"line":30,"column":19},"end":{"line":30,"column":28}},{"start":{"line":30,"column":19},"end":{"line":30,"column":28}}]},"3":{"loc":{"start":{"line":48,"column":8},"end":{"line":50,"column":9}},"type":"if","locations":[{"start":{"line":48,"column":8},"end":{"line":50,"column":9}}]},"4":{"loc":{"start":{"line":54,"column":8},"end":{"line":56,"column":9}},"type":"if","locations":[{"start":{"line":54,"column":8},"end":{"line":56,"column":9}}]},"5":{"loc":{"start":{"line":54,"column":12},"end":{"line":54,"column":48}},"type":"binary-expr","locations":[{"start":{"line":54,"column":12},"end":{"line":54,"column":22}},{"start":{"line":54,"column":26},"end":{"line":54,"column":48}}]},"6":{"loc":{"start":{"line":58,"column":32},"end":{"line":58,"column":85}},"type":"binary-expr","locations":[{"start":{"line":58,"column":32},"end":{"line":58,"column":58}},{"start":{"line":58,"column":62},"end":{"line":58,"column":85}}]},"7":{"loc":{"start":{"line":61,"column":8},"end":{"line":63,"column":9}},"type":"if","locations":[{"start":{"line":61,"column":8},"end":{"line":63,"column":9}}]}},"s":{"0":2,"1":2,"2":2,"3":3,"4":3,"5":1,"6":2,"7":2,"8":5,"9":4,"10":4,"11":4,"12":5,"13":5,"14":1,"15":2,"16":1,"17":1,"18":2,"19":2,"20":1,"21":1,"22":2,"23":0,"24":2},"f":{"0":3,"1":5,"2":4,"3":5,"4":2,"5":2,"6":2,"7":2},"b":{"0":[1],"1":[1,1],"2":[2,2],"3":[1],"4":[1],"5":[2,2],"6":[2,2],"7":[1]}}
,"/Users/ozgurgurcan/Documents/Personal/Cases/inventAnalytics/src/services/user.service.ts": {"path":"/Users/ozgurgurcan/Documents/Personal/Cases/inventAnalytics/src/services/user.service.ts","statementMap":{"0":{"start":{"line":1,"column":0},"end":{"line":1,"column":43}},"1":{"start":{"line":2,"column":0},"end":{"line":2,"column":43}},"2":{"start":{"line":3,"column":0},"end":{"line":3,"column":37}},"3":{"start":{"line":4,"column":0},"end":{"line":4,"column":51}},"4":{"start":{"line":5,"column":0},"end":{"line":5,"column":37}},"5":{"start":{"line":6,"column":0},"end":{"line":6,"column":41}},"6":{"start":{"line":10,"column":23},"end":{"line":13,"column":10}},"7":{"start":{"line":15,"column":8},"end":{"line":17,"column":9}},"8":{"start":{"line":16,"column":12},"end":{"line":16,"column":null}},"9":{"start":{"line":18,"column":8},"end":{"line":18,"column":null}},"10":{"start":{"line":20,"column":102},"end":{"line":23,"column":10}},"11":{"start":{"line":25,"column":8},"end":{"line":38,"column":9}},"12":{"start":{"line":26,"column":12},"end":{"line":37,"column":15}},"13":{"start":{"line":27,"column":16},"end":{"line":36,"column":17}},"14":{"start":{"line":28,"column":20},"end":{"line":31,"column":23}},"15":{"start":{"line":32,"column":23},"end":{"line":36,"column":17}},"16":{"start":{"line":33,"column":20},"end":{"line":35,"column":23}},"17":{"start":{"line":40,"column":8},"end":{"line":44,"column":10}},"18":{"start":{"line":48,"column":8},"end":{"line":48,"column":null}},"19":{"start":{"line":52,"column":21},"end":{"line":52,"column":31}},"20":{"start":{"line":53,"column":8},"end":{"line":53,"column":null}},"21":{"start":{"line":54,"column":8},"end":{"line":54,"column":null}},"22":{"start":{"line":58,"column":23},"end":{"line":58,"column":51}},"23":{"start":{"line":59,"column":8},"end":{"line":61,"column":9}},"24":{"start":{"line":60,"column":12},"end":{"line":60,"column":null}},"25":{"start":{"line":65,"column":23},"end":{"line":65,"column":64}},"26":{"start":{"line":66,"column":8},"end":{"line":68,"column":9}},"27":{"start":{"line":67,"column":12},"end":{"line":67,"column":null}},"28":{"start":{"line":69,"column":27},"end":{"line":69,"column":107}},"29":{"start":{"line":70,"column":8},"end":{"line":72,"column":9}},"30":{"start":{"line":71,"column":12},"end":{"line":71,"column":null}},"31":{"start":{"line":73,"column":8},"end":{"line":73,"column":null}},"32":{"start":{"line":74,"column":8},"end":{"line":78,"column":null}},"33":{"start":{"line":82,"column":27},"end":{"line":82,"column":107}},"34":{"start":{"line":83,"column":8},"end":{"line":85,"column":9}},"35":{"start":{"line":84,"column":12},"end":{"line":84,"column":null}},"36":{"start":{"line":86,"column":8},"end":{"line":88,"column":9}},"37":{"start":{"line":87,"column":12},"end":{"line":87,"column":null}},"38":{"start":{"line":89,"column":8},"end":{"line":89,"column":null}},"39":{"start":{"line":90,"column":8},"end":{"line":90,"column":null}},"40":{"start":{"line":91,"column":8},"end":{"line":91,"column":null}},"41":{"start":{"line":95,"column":0},"end":{"line":95,"column":null}}},"fnMap":{"0":{"name":"(anonymous_8)","decl":{"start":{"line":9,"column":4},"end":{"line":9,"column":10}},"loc":{"start":{"line":9,"column":35},"end":{"line":45,"column":null}}},"1":{"name":"(anonymous_10)","decl":{"start":{"line":26,"column":37},"end":{"line":26,"column":45}},"loc":{"start":{"line":26,"column":48},"end":{"line":37,"column":13}}},"2":{"name":"(anonymous_11)","decl":{"start":{"line":47,"column":4},"end":{"line":47,"column":10}},"loc":{"start":{"line":47,"column":23},"end":{"line":49,"column":null}}},"3":{"name":"(anonymous_13)","decl":{"start":{"line":51,"column":4},"end":{"line":51,"column":10}},"loc":{"start":{"line":51,"column":46},"end":{"line":55,"column":null}}},"4":{"name":"(anonymous_15)","decl":{"start":{"line":57,"column":4},"end":{"line":57,"column":10}},"loc":{"start":{"line":57,"column":38},"end":{"line":62,"column":null}}},"5":{"name":"(anonymous_17)","decl":{"start":{"line":64,"column":4},"end":{"line":64,"column":10}},"loc":{"start":{"line":64,"column":39},"end":{"line":79,"column":null}}},"6":{"name":"(anonymous_19)","decl":{"start":{"line":81,"column":4},"end":{"line":81,"column":10}},"loc":{"start":{"line":81,"column":54},"end":{"line":92,"column":null}}}},"branchMap":{"0":{"loc":{"start":{"line":15,"column":8},"end":{"line":17,"column":9}},"type":"if","locations":[{"start":{"line":15,"column":8},"end":{"line":17,"column":9}}]},"1":{"loc":{"start":{"line":25,"column":8},"end":{"line":38,"column":9}},"type":"if","locations":[{"start":{"line":25,"column":8},"end":{"line":38,"column":9}}]},"2":{"loc":{"start":{"line":27,"column":16},"end":{"line":36,"column":17}},"type":"if","locations":[{"start":{"line":27,"column":16},"end":{"line":36,"column":17}},{"start":{"line":32,"column":23},"end":{"line":36,"column":17}}]},"3":{"loc":{"start":{"line":32,"column":23},"end":{"line":36,"column":17}},"type":"if","locations":[{"start":{"line":32,"column":23},"end":{"line":36,"column":17}}]},"4":{"loc":{"start":{"line":59,"column":8},"end":{"line":61,"column":9}},"type":"if","locations":[{"start":{"line":59,"column":8},"end":{"line":61,"column":9}}]},"5":{"loc":{"start":{"line":66,"column":8},"end":{"line":68,"column":9}},"type":"if","locations":[{"start":{"line":66,"column":8},"end":{"line":68,"column":9}}]},"6":{"loc":{"start":{"line":70,"column":8},"end":{"line":72,"column":9}},"type":"if","locations":[{"start":{"line":70,"column":8},"end":{"line":72,"column":9}}]},"7":{"loc":{"start":{"line":83,"column":8},"end":{"line":85,"column":9}},"type":"if","locations":[{"start":{"line":83,"column":8},"end":{"line":85,"column":9}}]},"8":{"loc":{"start":{"line":86,"column":8},"end":{"line":88,"column":9}},"type":"if","locations":[{"start":{"line":86,"column":8},"end":{"line":88,"column":9}}]}},"s":{"0":2,"1":2,"2":2,"3":2,"4":2,"5":2,"6":4,"7":4,"8":1,"9":3,"10":3,"11":3,"12":3,"13":1,"14":0,"15":1,"16":1,"17":3,"18":4,"19":2,"20":2,"21":2,"22":3,"23":3,"24":1,"25":6,"26":6,"27":1,"28":5,"29":5,"30":2,"31":3,"32":3,"33":5,"34":5,"35":1,"36":4,"37":2,"38":2,"39":2,"40":2,"41":2},"f":{"0":4,"1":1,"2":4,"3":2,"4":3,"5":6,"6":5},"b":{"0":[1],"1":[3],"2":[0,1],"3":[1],"4":[1],"5":[1],"6":[2],"7":[1],"8":[2]}}
,"/Users/ozgurgurcan/Documents/Personal/Cases/inventAnalytics/src/utils/apiError.ts": {"path":"/Users/ozgurgurcan/Documents/Personal/Cases/inventAnalytics/src/utils/apiError.ts","statementMap":{"0":{"start":{"line":6,"column":8},"end":{"line":6,"column":23}},"1":{"start":{"line":7,"column":8},"end":{"line":7,"column":37}},"2":{"start":{"line":8,"column":8},"end":{"line":8,"column":43}},"3":{"start":{"line":9,"column":8},"end":{"line":13,"column":9}},"4":{"start":{"line":10,"column":12},"end":{"line":10,"column":31}},"5":{"start":{"line":12,"column":12},"end":{"line":12,"column":60}},"6":{"start":{"line":17,"column":0},"end":{"line":17,"column":24}}},"fnMap":{"0":{"name":"(anonymous_0)","decl":{"start":{"line":5,"column":4},"end":{"line":5,"column":16}},"loc":{"start":{"line":5,"column":85},"end":{"line":14,"column":5}}}},"branchMap":{"0":{"loc":{"start":{"line":5,"column":53},"end":{"line":5,"column":73}},"type":"default-arg","locations":[{"start":{"line":5,"column":69},"end":{"line":5,"column":73}}]},"1":{"loc":{"start":{"line":5,"column":75},"end":{"line":5,"column":85}},"type":"default-arg","locations":[{"start":{"line":5,"column":83},"end":{"line":5,"column":85}}]},"2":{"loc":{"start":{"line":9,"column":8},"end":{"line":13,"column":9}},"type":"if","locations":[{"start":{"line":9,"column":8},"end":{"line":13,"column":9}},{"start":{"line":11,"column":15},"end":{"line":13,"column":9}}]}},"s":{"0":18,"1":18,"2":18,"3":18,"4":0,"5":18,"6":3},"f":{"0":18},"b":{"0":[18],"1":[18],"2":[0,18]}}
,"/Users/ozgurgurcan/Documents/Personal/Cases/inventAnalytics/src/utils/logger.ts": {"path":"/Users/ozgurgurcan/Documents/Personal/Cases/inventAnalytics/src/utils/logger.ts","statementMap":{"0":{"start":{"line":1,"column":0},"end":{"line":1,"column":40}},"1":{"start":{"line":3,"column":37},"end":{"line":3,"column":43}},"2":{"start":{"line":5,"column":17},"end":{"line":7,"column":2}},"3":{"start":{"line":6,"column":4},"end":{"line":6,"column":47}},"4":{"start":{"line":9,"column":19},"end":{"line":9,"column":21}},"5":{"start":{"line":10,"column":0},"end":{"line":14,"column":1}},"6":{"start":{"line":11,"column":4},"end":{"line":11,"column":82}},"7":{"start":{"line":13,"column":4},"end":{"line":13,"column":54}},"8":{"start":{"line":16,"column":15},"end":{"line":22,"column":2}},"9":{"start":{"line":24,"column":0},"end":{"line":24,"column":22}}},"fnMap":{"0":{"name":"(anonymous_6)","decl":{"start":{"line":5,"column":24},"end":{"line":5,"column":25}},"loc":{"start":{"line":5,"column":56},"end":{"line":7,"column":1}}}},"branchMap":{"0":{"loc":{"start":{"line":10,"column":0},"end":{"line":14,"column":1}},"type":"if","locations":[{"start":{"line":10,"column":0},"end":{"line":14,"column":1}},{"start":{"line":12,"column":7},"end":{"line":14,"column":1}}]}},"s":{"0":2,"1":2,"2":2,"3":32,"4":2,"5":2,"6":0,"7":2,"8":2,"9":2},"f":{"0":32},"b":{"0":[0,2]}}
,"/Users/ozgurgurcan/Documents/Personal/Cases/inventAnalytics/src/utils/pick.ts": {"path":"/Users/ozgurgurcan/Documents/Personal/Cases/inventAnalytics/src/utils/pick.ts","statementMap":{"0":{"start":{"line":1,"column":13},"end":{"line":9,"column":1}},"1":{"start":{"line":2,"column":4},"end":{"line":8,"column":37}},"2":{"start":{"line":3,"column":8},"end":{"line":5,"column":9}},"3":{"start":{"line":4,"column":12},"end":{"line":4,"column":35}},"4":{"start":{"line":7,"column":8},"end":{"line":7,"column":19}},"5":{"start":{"line":11,"column":0},"end":{"line":11,"column":20}}},"fnMap":{"0":{"name":"(anonymous_0)","decl":{"start":{"line":1,"column":13},"end":{"line":1,"column":14}},"loc":{"start":{"line":1,"column":45},"end":{"line":9,"column":1}}},"1":{"name":"(anonymous_1)","decl":{"start":{"line":2,"column":23},"end":{"line":2,"column":24}},"loc":{"start":{"line":2,"column":36},"end":{"line":8,"column":5}}}},"branchMap":{"0":{"loc":{"start":{"line":3,"column":8},"end":{"line":5,"column":9}},"type":"if","locations":[{"start":{"line":3,"column":8},"end":{"line":5,"column":9}}]},"1":{"loc":{"start":{"line":3,"column":12},"end":{"line":3,"column":71}},"type":"binary-expr","locations":[{"start":{"line":3,"column":12},"end":{"line":3,"column":18}},{"start":{"line":3,"column":22},"end":{"line":3,"column":71}}]}},"s":{"0":1,"1":46,"2":94,"3":50,"4":94,"5":1},"f":{"0":46,"1":94},"b":{"0":[50],"1":[94,94]}}
,"/Users/ozgurgurcan/Documents/Personal/Cases/inventAnalytics/src/validations/schemas/book.schema.ts": {"path":"/Users/ozgurgurcan/Documents/Personal/Cases/inventAnalytics/src/validations/schemas/book.schema.ts","statementMap":{"0":{"start":{"line":1,"column":0},"end":{"line":1,"column":22}},"1":{"start":{"line":3,"column":0},"end":{"line":25,"column":2}}},"fnMap":{},"branchMap":{},"s":{"0":1,"1":1},"f":{},"b":{}}
,"/Users/ozgurgurcan/Documents/Personal/Cases/inventAnalytics/src/validations/schemas/user.schema.ts": {"path":"/Users/ozgurgurcan/Documents/Personal/Cases/inventAnalytics/src/validations/schemas/user.schema.ts","statementMap":{"0":{"start":{"line":1,"column":0},"end":{"line":1,"column":22}},"1":{"start":{"line":3,"column":0},"end":{"line":40,"column":2}}},"fnMap":{},"branchMap":{},"s":{"0":1,"1":1},"f":{},"b":{}}
,"/Users/ozgurgurcan/Documents/Personal/Cases/inventAnalytics/test/helper.ts": {"path":"/Users/ozgurgurcan/Documents/Personal/Cases/inventAnalytics/test/helper.ts","statementMap":{"0":{"start":{"line":1,"column":0},"end":{"line":1,"column":32}},"1":{"start":{"line":2,"column":0},"end":{"line":2,"column":29}},"2":{"start":{"line":3,"column":0},"end":{"line":3,"column":41}},"3":{"start":{"line":5,"column":19},"end":{"line":22,"column":null}},"4":{"start":{"line":5,"column":67},"end":{"line":22,"column":null}},"5":{"start":{"line":6,"column":33},"end":{"line":6,"column":35}},"6":{"start":{"line":7,"column":4},"end":{"line":12,"column":5}},"7":{"start":{"line":8,"column":8},"end":{"line":11,"column":25}},"8":{"start":{"line":13,"column":21},"end":{"line":16,"column":20}},"9":{"start":{"line":18,"column":4},"end":{"line":20,"column":5}},"10":{"start":{"line":18,"column":17},"end":{"line":18,"column":18}},"11":{"start":{"line":19,"column":8},"end":{"line":19,"column":86}},"12":{"start":{"line":21,"column":4},"end":{"line":21,"column":22}},"13":{"start":{"line":39,"column":8},"end":{"line":39,"column":18}},"14":{"start":{"line":23,"column":19},"end":{"line":30,"column":null}},"15":{"start":{"line":23,"column":63},"end":{"line":30,"column":null}},"16":{"start":{"line":24,"column":4},"end":{"line":24,"column":47}},"17":{"start":{"line":25,"column":4},"end":{"line":29,"column":5}},"18":{"start":{"line":26,"column":8},"end":{"line":28,"column":25}},"19":{"start":{"line":39,"column":20},"end":{"line":39,"column":30}},"20":{"start":{"line":32,"column":24},"end":{"line":37,"column":null}},"21":{"start":{"line":32,"column":64},"end":{"line":37,"column":null}},"22":{"start":{"line":33,"column":4},"end":{"line":33,"column":44}},"23":{"start":{"line":34,"column":4},"end":{"line":36,"column":21}},"24":{"start":{"line":39,"column":32},"end":{"line":39,"column":47}}},"fnMap":{"0":{"name":"(anonymous_8)","decl":{"start":{"line":5,"column":19},"end":{"line":5,"column":26}},"loc":{"start":{"line":5,"column":67},"end":{"line":22,"column":null}}},"1":{"name":"(anonymous_9)","decl":{"start":{"line":5,"column":67},"end":{"line":5,"column":null}},"loc":{"start":{"line":5,"column":67},"end":{"line":22,"column":1}}},"2":{"name":"(anonymous_10)","decl":{"start":{"line":23,"column":19},"end":{"line":23,"column":26}},"loc":{"start":{"line":23,"column":63},"end":{"line":30,"column":null}}},"3":{"name":"(anonymous_11)","decl":{"start":{"line":23,"column":63},"end":{"line":23,"column":null}},"loc":{"start":{"line":23,"column":63},"end":{"line":30,"column":1}}},"4":{"name":"(anonymous_12)","decl":{"start":{"line":32,"column":24},"end":{"line":32,"column":31}},"loc":{"start":{"line":32,"column":64},"end":{"line":37,"column":null}}},"5":{"name":"(anonymous_13)","decl":{"start":{"line":32,"column":64},"end":{"line":32,"column":null}},"loc":{"start":{"line":32,"column":64},"end":{"line":37,"column":1}}}},"branchMap":{},"s":{"0":1,"1":1,"2":1,"3":1,"4":1,"5":1,"6":1,"7":2,"8":1,"9":1,"10":1,"11":2,"12":1,"13":1,"14":1,"15":1,"16":1,"17":1,"18":2,"19":1,"20":1,"21":0,"22":0,"23":0,"24":1},"f":{"0":1,"1":1,"2":1,"3":1,"4":0,"5":0},"b":{}}
}
