TN:
SF:src/app.ts
FN:33,(anonymous_1)
FNF:1
FNH:0
FNDA:0,(anonymous_1)
DA:1,1
DA:2,1
DA:3,1
DA:4,1
DA:5,1
DA:6,1
DA:7,1
DA:8,1
DA:9,1
DA:10,1
DA:11,1
DA:12,1
DA:13,1
DA:15,1
DA:17,1
DA:19,1
DA:21,1
DA:23,1
DA:25,1
DA:27,1
DA:29,1
DA:31,1
DA:33,1
DA:34,0
DA:37,1
DA:38,1
DA:40,1
LF:27
LH:26
BRF:0
BRH:0
end_of_record
TN:
SF:src/data-source.ts
FN:21,initializeDataSource
FNF:1
FNH:1
FNDA:1,initializeDataSource
DA:1,1
DA:2,1
DA:3,1
DA:4,1
DA:5,1
DA:7,1
DA:21,1
DA:22,1
DA:23,1
DA:24,1
DA:25,1
DA:27,0
DA:28,0
LF:13
LH:11
BRDA:9,0,0,1
BRDA:9,0,1,1
BRDA:10,1,0,1
BRDA:10,1,1,1
BRDA:11,2,0,1
BRDA:11,2,1,1
BRDA:12,3,0,1
BRDA:12,3,1,1
BRDA:13,4,0,1
BRDA:13,4,1,1
BRF:10
BRH:10
end_of_record
TN:
SF:src/controllers/books.controller.ts
FN:6,(anonymous_8)
FN:16,(anonymous_10)
FN:26,(anonymous_12)
FN:41,(anonymous_14)
FNF:4
FNH:4
FNDA:4,(anonymous_8)
FNDA:3,(anonymous_10)
FNDA:1,(anonymous_12)
FNDA:3,(anonymous_14)
DA:2,1
DA:3,1
DA:7,4
DA:8,4
DA:9,4
DA:10,4
DA:12,0
DA:17,3
DA:18,3
DA:19,3
DA:20,3
DA:22,0
DA:27,1
DA:28,1
DA:29,1
DA:30,1
DA:31,0
DA:32,0
DA:34,1
DA:35,1
DA:37,0
DA:42,3
DA:43,3
DA:44,3
DA:45,3
DA:46,3
DA:48,0
DA:53,1
LF:28
LH:22
BRDA:30,0,0,0
BRF:1
BRH:0
end_of_record
TN:
SF:src/controllers/users.controller.ts
FN:6,(anonymous_8)
FN:16,(anonymous_10)
FN:26,(anonymous_12)
FN:39,(anonymous_14)
FN:52,(anonymous_16)
FN:66,(anonymous_18)
FNF:6
FNH:6
FNDA:3,(anonymous_8)
FNDA:1,(anonymous_10)
FNDA:2,(anonymous_12)
FNDA:1,(anonymous_14)
FNDA:3,(anonymous_16)
FNDA:2,(anonymous_18)
DA:2,1
DA:3,1
DA:7,3
DA:8,3
DA:9,3
DA:10,3
DA:12,0
DA:17,1
DA:18,1
DA:19,1
DA:20,1
DA:22,0
DA:27,2
DA:28,2
DA:31,2
DA:32,2
DA:33,2
DA:35,0
DA:40,1
DA:41,1
DA:44,1
DA:45,1
DA:46,1
DA:48,0
DA:53,3
DA:54,3
DA:58,3
DA:59,3
DA:60,2
DA:62,1
DA:67,2
DA:68,2
DA:72,2
DA:73,2
DA:74,1
DA:75,1
DA:77,1
DA:82,1
LF:38
LH:34
BRF:0
BRH:0
end_of_record
TN:
SF:src/docs/swagger.ts
FNF:0
FNH:0
DA:1,1
LF:1
LH:1
BRF:0
BRH:0
end_of_record
TN:
SF:src/entity/book.entity.ts
FN:13,(anonymous_2)
FN:10,(anonymous_3)
FN:10,(anonymous_4)
FNF:3
FNH:3
FNDA:31,(anonymous_2)
FNDA:1,(anonymous_3)
FNDA:1,(anonymous_4)
DA:1,3
DA:2,3
DA:5,3
DA:7,3
DA:9,3
DA:10,1
DA:11,3
DA:14,31
LF:8
LH:8
BRF:0
BRH:0
end_of_record
TN:
SF:src/entity/user.entity.ts
FN:13,(anonymous_2)
FN:10,(anonymous_3)
FN:10,(anonymous_4)
FNF:3
FNH:3
FNDA:15,(anonymous_2)
FNDA:1,(anonymous_3)
FNDA:1,(anonymous_4)
DA:1,3
DA:2,3
DA:5,3
DA:7,3
DA:9,3
DA:10,1
DA:11,3
DA:14,15
LF:8
LH:8
BRF:0
BRH:0
end_of_record
TN:
SF:src/entity/userBook.entity.ts
FN:16,(anonymous_2)
FN:16,(anonymous_3)
FN:20,(anonymous_4)
FN:20,(anonymous_5)
FNF:4
FNH:4
FNDA:1,(anonymous_2)
FNDA:1,(anonymous_3)
FNDA:1,(anonymous_4)
FNDA:1,(anonymous_5)
DA:1,2
DA:2,2
DA:3,2
DA:6,2
DA:8,2
DA:11,2
DA:14,2
DA:16,1
DA:18,2
DA:20,1
DA:22,2
LF:11
LH:11
BRF:0
BRH:0
end_of_record
TN:
SF:src/middlewares/error.ts
FN:6,(anonymous_1)
FN:17,(anonymous_2)
FNF:2
FNH:2
FNDA:2,(anonymous_1)
FNDA:2,(anonymous_2)
DA:1,1
DA:2,1
DA:3,1
DA:4,1
DA:6,1
DA:7,2
DA:8,2
DA:10,0
DA:11,0
DA:12,0
DA:14,2
DA:17,1
DA:18,2
DA:19,2
DA:20,0
DA:21,0
DA:24,2
DA:26,2
DA:32,2
DA:33,0
DA:36,2
DA:37,2
DA:41,1
DA:42,1
LF:24
LH:18
BRDA:8,0,0,0
BRDA:10,1,0,0
BRDA:10,1,1,0
BRDA:10,2,0,0
BRDA:10,2,1,0
BRDA:11,3,0,0
BRDA:11,3,1,0
BRDA:19,4,0,0
BRDA:19,5,0,2
BRDA:19,5,1,0
BRDA:29,6,0,2
BRDA:29,6,1,0
BRDA:32,7,0,0
BRF:13
BRH:2
end_of_record
TN:
SF:src/middlewares/rateLimiter.ts
FNF:0
FNH:0
DA:1,1
DA:3,1
DA:8,1
LF:3
LH:3
BRF:0
BRH:0
end_of_record
TN:
SF:src/middlewares/validate.ts
FN:7,(anonymous_1)
FN:7,(anonymous_2)
FN:15,(anonymous_3)
FNF:3
FNH:2
FNDA:10,(anonymous_1)
FNDA:23,(anonymous_2)
FNDA:0,(anonymous_3)
DA:1,1
DA:2,1
DA:3,1
DA:4,1
DA:7,10
DA:8,23
DA:9,23
DA:10,23
DA:14,23
DA:15,0
DA:16,0
DA:18,23
DA:19,23
DA:22,1
LF:14
LH:12
BRDA:14,0,0,0
BRF:1
BRH:0
end_of_record
TN:
SF:src/routes/books.routes.ts
FNF:0
FNH:0
DA:1,1
DA:2,1
DA:3,1
DA:4,1
DA:6,1
DA:8,1
DA:12,1
DA:16,1
LF:8
LH:8
BRF:0
BRH:0
end_of_record
TN:
SF:src/routes/index.routes.ts
FN:9,(anonymous_1)
FNF:1
FNH:0
FNDA:0,(anonymous_1)
DA:1,1
DA:2,1
DA:3,1
DA:5,1
DA:7,1
DA:8,1
DA:9,1
DA:12,1
LF:8
LH:8
BRF:0
BRH:0
end_of_record
TN:
SF:src/routes/users.routes.ts
FNF:0
FNH:0
DA:1,1
DA:2,1
DA:3,1
DA:4,1
DA:6,1
DA:8,1
DA:12,1
DA:16,1
DA:19,1
DA:23,1
LF:10
LH:10
BRF:0
BRH:0
end_of_record
TN:
SF:src/services/book.service.ts
FN:15,(anonymous_8)
FN:36,(anonymous_10)
FN:40,(anonymous_12)
FN:46,(anonymous_14)
FN:53,(anonymous_16)
FN:58,(anonymous_17)
FN:59,(anonymous_18)
FN:62,(anonymous_19)
FNF:8
FNH:8
FNDA:3,(anonymous_8)
FNDA:5,(anonymous_10)
FNDA:4,(anonymous_12)
FNDA:5,(anonymous_14)
FNDA:2,(anonymous_16)
FNDA:2,(anonymous_17)
FNDA:2,(anonymous_18)
FNDA:2,(anonymous_19)
DA:1,2
DA:2,2
DA:4,2
DA:16,3
DA:21,3
DA:22,1
DA:25,2
DA:27,2
DA:37,5
DA:41,4
DA:42,4
DA:43,4
DA:47,5
DA:48,5
DA:49,1
DA:54,2
DA:55,1
DA:57,1
DA:58,2
DA:59,2
DA:61,1
DA:62,2
DA:65,0
DA:69,2
LF:24
LH:23
BRDA:21,0,0,1
BRDA:30,1,0,1
BRDA:30,1,1,1
BRDA:30,2,0,2
BRDA:30,2,1,2
BRDA:48,3,0,1
BRDA:54,4,0,1
BRDA:54,5,0,2
BRDA:54,5,1,2
BRDA:58,6,0,2
BRDA:58,6,1,2
BRDA:61,7,0,1
BRF:12
BRH:12
end_of_record
TN:
SF:src/services/user.service.ts
FN:9,(anonymous_8)
FN:26,(anonymous_10)
FN:47,(anonymous_11)
FN:51,(anonymous_13)
FN:57,(anonymous_15)
FN:64,(anonymous_17)
FN:81,(anonymous_19)
FNF:7
FNH:7
FNDA:4,(anonymous_8)
FNDA:1,(anonymous_10)
FNDA:4,(anonymous_11)
FNDA:2,(anonymous_13)
FNDA:3,(anonymous_15)
FNDA:6,(anonymous_17)
FNDA:5,(anonymous_19)
DA:1,2
DA:2,2
DA:3,2
DA:4,2
DA:5,2
DA:6,2
DA:10,4
DA:15,4
DA:16,1
DA:18,3
DA:20,3
DA:25,3
DA:26,3
DA:27,1
DA:28,0
DA:32,1
DA:33,1
DA:40,3
DA:48,4
DA:52,2
DA:53,2
DA:54,2
DA:58,3
DA:59,3
DA:60,1
DA:65,6
DA:66,6
DA:67,1
DA:69,5
DA:70,5
DA:71,2
DA:73,3
DA:74,3
DA:82,5
DA:83,5
DA:84,1
DA:86,4
DA:87,2
DA:89,2
DA:90,2
DA:91,2
DA:95,2
LF:42
LH:41
BRDA:15,0,0,1
BRDA:25,1,0,3
BRDA:27,2,0,0
BRDA:27,2,1,1
BRDA:32,3,0,1
BRDA:59,4,0,1
BRDA:66,5,0,1
BRDA:70,6,0,2
BRDA:83,7,0,1
BRDA:86,8,0,2
BRF:10
BRH:9
end_of_record
TN:
SF:src/utils/apiError.ts
FN:5,(anonymous_0)
FNF:1
FNH:1
FNDA:18,(anonymous_0)
DA:6,18
DA:7,18
DA:8,18
DA:9,18
DA:10,0
DA:12,18
DA:17,3
LF:7
LH:6
BRDA:5,0,0,18
BRDA:5,1,0,18
BRDA:9,2,0,0
BRDA:9,2,1,18
BRF:4
BRH:3
end_of_record
TN:
SF:src/utils/logger.ts
FN:5,(anonymous_6)
FNF:1
FNH:1
FNDA:32,(anonymous_6)
DA:1,2
DA:3,2
DA:5,2
DA:6,32
DA:9,2
DA:10,2
DA:11,0
DA:13,2
DA:16,2
DA:24,2
LF:10
LH:9
BRDA:10,0,0,0
BRDA:10,0,1,2
BRF:2
BRH:1
end_of_record
TN:
SF:src/utils/pick.ts
FN:1,(anonymous_0)
FN:2,(anonymous_1)
FNF:2
FNH:2
FNDA:46,(anonymous_0)
FNDA:94,(anonymous_1)
DA:1,1
DA:2,46
DA:3,94
DA:4,50
DA:7,94
DA:11,1
LF:6
LH:6
BRDA:3,0,0,50
BRDA:3,1,0,94
BRDA:3,1,1,94
BRF:3
BRH:3
end_of_record
TN:
SF:src/validations/schemas/book.schema.ts
FNF:0
FNH:0
DA:1,1
DA:3,1
LF:2
LH:2
BRF:0
BRH:0
end_of_record
TN:
SF:src/validations/schemas/user.schema.ts
FNF:0
FNH:0
DA:1,1
DA:3,1
LF:2
LH:2
BRF:0
BRH:0
end_of_record
TN:
SF:test/helper.ts
FN:5,(anonymous_8)
FN:5,(anonymous_9)
FN:23,(anonymous_10)
FN:23,(anonymous_11)
FN:32,(anonymous_12)
FN:32,(anonymous_13)
FNF:6
FNH:4
FNDA:1,(anonymous_8)
FNDA:1,(anonymous_9)
FNDA:1,(anonymous_10)
FNDA:1,(anonymous_11)
FNDA:0,(anonymous_12)
FNDA:0,(anonymous_13)
DA:1,1
DA:2,1
DA:3,1
DA:5,1
DA:6,1
DA:7,1
DA:8,2
DA:13,1
DA:18,1
DA:19,2
DA:21,1
DA:23,1
DA:24,1
DA:25,1
DA:26,2
DA:32,1
DA:33,0
DA:34,0
DA:39,1
LF:19
LH:17
BRF:0
BRH:0
end_of_record
